[debug] [2020-05-18T10:10:45.657Z] ----------------------------------------------------------------------
[debug] [2020-05-18T10:10:45.660Z] Command:       C:\Program Files\nodejs\node.exe C:\Users\Roger\AppData\Roaming\npm\node_modules\firebase-tools\lib\bin\firebase.js emulators:start --inspect-functions
[debug] [2020-05-18T10:10:45.660Z] CLI Version:   8.2.0
[debug] [2020-05-18T10:10:45.660Z] Platform:      win32
[debug] [2020-05-18T10:10:45.660Z] Node Version:  v12.16.1
[debug] [2020-05-18T10:10:45.662Z] Time:          Mon May 18 2020 12:10:45 GMT+0200 (GMT+02:00)
[debug] [2020-05-18T10:10:45.662Z] ----------------------------------------------------------------------
[debug] [2020-05-18T10:10:45.662Z] 
[debug] [2020-05-18T10:10:45.671Z] > command requires scopes: ["email","openid","https://www.googleapis.com/auth/cloudplatformprojects.readonly","https://www.googleapis.com/auth/firebase","https://www.googleapis.com/auth/cloud-platform"]
[debug] [2020-05-18T10:10:45.672Z] > authorizing via signed-in user
[info] i  emulators: Starting emulators: functions, hosting
[debug] [2020-05-18T10:10:47.751Z] [hub] writing locator at C:\Users\Roger\AppData\Local\Temp\hub-jass-backend.json
[info] +  hub: emulator hub started at http://localhost:4400
[warn] !  functions: You are running the functions emulator in debug mode (port=9229). This means that functions will execute in sequence rather than in parallel.
[warn] !  Your requested "node" version "8" doesn't match your global version "12"
[info] +  functions: functions emulator started at http://localhost:5001
[debug] [2020-05-18T10:10:51.809Z] >>> HTTP REQUEST GET https://firebase.googleapis.com/v1beta1/projects/jass-backend/webApps/-/config  
 
[debug] [2020-05-18T10:10:52.403Z] <<< HTTP RESPONSE 200 {"content-type":"application/json; charset=UTF-8","vary":"X-Origin, Referer, Origin,Accept-Encoding","date":"Mon, 18 May 2020 10:10:52 GMT","server":"ESF","cache-control":"private","x-xss-protection":"0","x-frame-options":"SAMEORIGIN","x-content-type-options":"nosniff","alt-svc":"h3-27=\":443\"; ma=2592000,h3-25=\":443\"; ma=2592000,h3-T050=\":443\"; ma=2592000,h3-Q050=\":443\"; ma=2592000,h3-Q049=\":443\"; ma=2592000,h3-Q048=\":443\"; ma=2592000,h3-Q046=\":443\"; ma=2592000,h3-Q043=\":443\"; ma=2592000,quic=\":443\"; ma=2592000; v=\"46,43\"","accept-ranges":"none","transfer-encoding":"chunked"}
[info] i  hosting[jass]: Serving hosting files from: dist/jass
[info] +  hosting[jass]: Local server: http://localhost:5000
[info] +  hosting: hosting emulator started at http://localhost:5000
[info] i  functions: Watching "D:\git\jass\functions" for Cloud Functions...
[debug] [2020-05-18T10:10:52.473Z] [worker-pool] addWorker(~shared~) 
[debug] [2020-05-18T10:10:52.473Z] [worker-pool] Adding worker with key ~shared~, total=1 
[debug] [2020-05-18T10:10:52.474Z] [worker-pool] submitWork(triggerId=) 
[debug] [2020-05-18T10:10:52.474Z] [worker-~shared~-baca3b55-b82b-4bd4-a7a1-29fd3d4b6e4a]: Assigning socketPath: \\?\pipe\D:\git\jass\functions\7540 
[debug] [2020-05-18T10:10:52.474Z] [worker-~shared~-baca3b55-b82b-4bd4-a7a1-29fd3d4b6e4a]: BUSY 
